<?xml version="1.0" encoding="UTF-8"?>
<!-- Generated by org.testng.reporters.JUnitReportReporter -->
<testsuite hostname="DESKTOP-F5MTO4C" failures="0" tests="1" name="Test.WificallingTest" time="41.728" errors="0" timestamp="2025-06-16T09:20:43 NPT" skipped="0">
  <testcase classname="Test.WificallingTest" name="testhwificalling" time="41.728"/>
  <system-out/>
</testsuite> <!-- Test.WificallingTest -->
