<?xml version="1.0" encoding="UTF-8"?>
<!-- Generated by org.testng.reporters.JUnitReportReporter -->
<testsuite hostname="DESKTOP-F5MTO4C" failures="0" tests="1" name="Test.BestOfferTest" time="110.677" errors="0" timestamp="2025-06-16T13:57:46 NPT" skipped="0">
  <testcase classname="Test.BestOfferTest" name="BestOfferTest" time="110.677"/>
  <system-out/>
</testsuite> <!-- Test.BestOfferTest -->
