<?xml version="1.0" encoding="UTF-8"?>
<!-- Generated by org.testng.reporters.JUnitReportReporter -->
<testsuite hostname="DESKTOP-F5MTO4C" failures="0" tests="1" name="Test.creditmeTest" time="29.204" errors="0" timestamp="2025-06-16T22:46:47 NPT" skipped="0">
  <testcase classname="Test.creditmeTest" name="testCreditMeFlow" time="29.204"/>
  <system-out/>
</testsuite> <!-- Test.creditmeTest -->
