<?xml version="1.0" encoding="UTF-8"?>
<!-- Generated by org.testng.reporters.JUnitReportReporter -->
<testsuite hostname="DESKTOP-F5MTO4C" failures="0" tests="4" name="Test.MyNcellServiceTest" time="67.385" errors="0" timestamp="2025-06-16T21:26:52 NPT" skipped="0">
  <testcase classname="Test.MyNcellServiceTest" name="testPinPukQuery" time="18.736"/>
  <system-out/>
  <testcase classname="Test.MyNcellServiceTest" name="testEsim" time="29.656"/>
  <system-out/>
  <testcase classname="Test.MyNcellServiceTest" name="testEmergencyServices" time="8.600"/>
  <system-out/>
  <testcase classname="Test.MyNcellServiceTest" name="testTollFreeNumbers" time="10.393"/>
  <system-out/>
</testsuite> <!-- Test.MyNcellServiceTest -->
