<?xml version="1.0" encoding="UTF-8"?>
<!-- Generated by org.testng.reporters.JUnitReportReporter -->
<testsuite hostname="DESKTOP-F5MTO4C" failures="0" tests="1" name="Test.GuessandwinTest" time="35.284" errors="0" timestamp="2025-06-16T21:49:21 NPT" skipped="0">
  <testcase classname="Test.GuessandwinTest" name="testGuessAndWinSubmission" time="35.284"/>
  <system-out/>
</testsuite> <!-- Test.GuessandwinTest -->
