<?xml version="1.0" encoding="UTF-8"?>
<!-- Generated by org.testng.reporters.JUnitReportReporter -->
<testsuite hostname="DESKTOP-F5MTO4C" failures="0" tests="1" name="Test.HDVoiceTest" time="129.769" errors="0" timestamp="2025-06-15T19:40:56 NPT" skipped="0">
  <testcase classname="Test.HDVoiceTest" name="testhdvoiceDirectly" time="129.769"/>
  <system-out/>
</testsuite> <!-- Test.HDVoiceTest -->
