<?xml version="1.0" encoding="UTF-8"?>
<!-- Generated by org.testng.reporters.JUnitReportReporter -->
<testsuite hostname="DESKTOP-F5MTO4C" failures="0" tests="1" name="Test.RoamingTest" time="182.902" errors="0" timestamp="2025-06-16T16:30:01 NPT" skipped="0">
  <testcase classname="Test.RoamingTest" name="testActivate30DayRenewal" time="182.902"/>
  <system-out/>
</testsuite> <!-- Test.RoamingTest -->
