<?xml version="1.0" encoding="UTF-8"?>
<!-- Generated by org.testng.reporters.JUnitReportReporter -->
<testsuite hostname="DESKTOP-F5MTO4C" failures="0" tests="1" name="Test.RechargeTest" time="61.420" errors="0" timestamp="2025-06-16T19:52:21 NPT" skipped="0">
  <testcase classname="Test.RechargeTest" name="rechargeTest" time="61.420"/>
  <system-out/>
</testsuite> <!-- Test.RechargeTest -->
