<?xml version="1.0" encoding="UTF-8"?>
<!-- Generated by org.testng.reporters.JUnitReportReporter -->
<testsuite hostname="DESKTOP-F5MTO4C" failures="0" tests="1" name="Test.SearchBoxTest" time="81.389" errors="0" timestamp="2025-06-16T10:18:27 NPT" skipped="0">
  <testcase classname="Test.SearchBoxTest" name="searchBoxTest" time="81.389"/>
  <system-out/>
</testsuite> <!-- Test.SearchBoxTest -->
