<?xml version="1.0" encoding="UTF-8"?>
<!-- Generated by org.testng.reporters.JUnitReportReporter -->
<testsuite hostname="DESKTOP-F5MTO4C" failures="0" tests="1" name="Test.RecommendedRenewelPackTest" time="66.764" errors="0" timestamp="2025-06-16T16:36:51 NPT" skipped="0">
  <testcase classname="Test.RecommendedRenewelPackTest" name="recommendedRenewalPackTest" time="66.764"/>
  <system-out/>
</testsuite> <!-- Test.RecommendedRenewelPackTest -->
