<?xml version="1.0" encoding="UTF-8"?>
<!-- Generated by org.testng.reporters.JUnitReportReporter -->
<testsuite hostname="DESKTOP-F5MTO4C" failures="0" tests="1" name="Test.GiftaPackTest" time="54.866" errors="0" timestamp="2025-06-16T22:04:53 NPT" skipped="0">
  <testcase classname="Test.GiftaPackTest" name="test" time="54.866"/>
  <system-out/>
</testsuite> <!-- Test.GiftaPackTest -->
